<?xml version="1.0" encoding="UTF-8"?>
<testng-results skipped="0" failed="0" ignored="0" total="1" passed="1">
  <reporter-output>
  </reporter-output>
  <suite name="Default suite" duration-ms="18356" started-at="2020-04-07T20:35:29 IST" finished-at="2020-04-07T20:35:47 IST">
    <groups>
    </groups>
    <test name="Default test" duration-ms="18356" started-at="2020-04-07T20:35:29 IST" finished-at="2020-04-07T20:35:47 IST">
      <class name="seleniumSinglentonPattern.TestCase1">
        <test-method status="PASS" signature="setUp()[pri:0, instance:seleniumSinglentonPattern.TestCase1@7d907bac]" name="setUp" is-config="true" duration-ms="11996" started-at="2020-04-07T20:35:29 IST" finished-at="2020-04-07T20:35:41 IST">
          <reporter-output>
          </reporter-output>
        </test-method> <!-- setUp -->
        <test-method status="PASS" signature="getGoogleText()[pri:0, instance:seleniumSinglentonPattern.TestCase1@7d907bac]" name="getGoogleText" duration-ms="4010" started-at="2020-04-07T20:35:41 IST" finished-at="2020-04-07T20:35:45 IST">
          <reporter-output>
          </reporter-output>
        </test-method> <!-- getGoogleText -->
        <test-method status="PASS" signature="tearDown()[pri:0, instance:seleniumSinglentonPattern.TestCase1@7d907bac]" name="tearDown" is-config="true" duration-ms="2211" started-at="2020-04-07T20:35:45 IST" finished-at="2020-04-07T20:35:47 IST">
          <reporter-output>
          </reporter-output>
        </test-method> <!-- tearDown -->
      </class> <!-- seleniumSinglentonPattern.TestCase1 -->
    </test> <!-- Default test -->
  </suite> <!-- Default suite -->
</testng-results>
